17:15:48.990 INFO - Launching a standalone server
Setting system property webdriver.firefox.profile to webdriver
17:15:49.043 INFO - Java: Oracle Corporation 24.80-b11
17:15:49.043 INFO - OS: Windows 7 6.1 amd64
17:15:49.051 INFO - v2.45.0, with Core v2.45.0. Built from revision 5017cb8
17:15:49.141 INFO - RemoteWebDriver instances should connect to: http://127.0.0.1:4444/wd/hub
17:15:49.142 INFO - Version Jetty/5.1.x
17:15:49.142 INFO - Started HttpContext[/selenium-server/driver,/selenium-server/driver]
17:15:49.143 INFO - Started HttpContext[/selenium-server,/selenium-server]
17:15:49.143 INFO - Started HttpContext[/,/]
17:15:49.188 INFO - Started org.openqa.jetty.jetty.servlet.ServletHandler@f0cb191
17:15:49.188 INFO - Started HttpContext[/wd,/wd]
17:15:49.192 INFO - Started SocketListener on 0.0.0.0:4444
17:15:49.192 INFO - Started org.openqa.jetty.jetty.Server@1875b888
17:15:49.430 INFO - Executing: [new session: Capabilities [{platform=ANY, acceptSslCerts=true, javascriptEnabled=true, browserName=firefox, name=Upload Delete Test}]])
17:15:49.437 INFO - Creating a new session for Capabilities [{platform=ANY, acceptSslCerts=true, javascriptEnabled=true, browserName=firefox, name=Upload Delete Test}]
17:15:52.002 INFO - Done: [new session: Capabilities [{platform=ANY, acceptSslCerts=true, javascriptEnabled=true, browserName=firefox, name=Upload Delete Test}]]
17:15:52.012 INFO - Executing: [get: http://alpha-preview.cashew3d.com/login])
17:15:52.797 INFO - Done: [get: http://alpha-preview.cashew3d.com/login]
17:15:52.802 INFO - Executing: [find elements: By.cssSelector: body])
17:15:52.990 INFO - Done: [find elements: By.cssSelector: body]
17:15:52.994 INFO - Executing: [is displayed: 0 [[FirefoxDriver: firefox on WINDOWS (7044e328-fc15-416e-bc9b-e9656c0a5911)] -> css selector: body]])
17:15:53.002 INFO - Done: [is displayed: 0 [[FirefoxDriver: firefox on WINDOWS (7044e328-fc15-416e-bc9b-e9656c0a5911)] -> css selector: body]]
17:15:53.006 INFO - Executing: [find elements: By.cssSelector: input[name='email']])
17:15:53.029 INFO - Done: [find elements: By.cssSelector: input[name='email']]
17:15:53.031 INFO - Executing: [is displayed: 1 [[FirefoxDriver: firefox on WINDOWS (7044e328-fc15-416e-bc9b-e9656c0a5911)] -> css selector: input[name='email']]])
17:15:53.056 INFO - Done: [is displayed: 1 [[FirefoxDriver: firefox on WINDOWS (7044e328-fc15-416e-bc9b-e9656c0a5911)] -> css selector: input[name='email']]]
17:15:53.060 INFO - Executing: [find element: By.cssSelector: input[name='email']])
17:15:53.083 INFO - Done: [find element: By.cssSelector: input[name='email']]
17:15:53.086 INFO - Executing: [clear: 1 [[FirefoxDriver: firefox on WINDOWS (7044e328-fc15-416e-bc9b-e9656c0a5911)] -> css selector: input[name='email']]])
17:15:53.117 INFO - Done: [clear: 1 [[FirefoxDriver: firefox on WINDOWS (7044e328-fc15-416e-bc9b-e9656c0a5911)] -> css selector: input[name='email']]]
17:15:53.121 INFO - Executing: [find element: By.cssSelector: input[name='email']])
17:15:53.143 INFO - Done: [find element: By.cssSelector: input[name='email']]
17:15:53.147 INFO - Executing: [send keys: 1 [[FirefoxDriver: firefox on WINDOWS (7044e328-fc15-416e-bc9b-e9656c0a5911)] -> css selector: input[name='email']], [j, o, h, n, n, y, t, e, s, t, s, @, m, a, t, t, e, r, a, n, d, f, o, r, m, ., n, e, t]])
17:15:53.216 INFO - Done: [send keys: 1 [[FirefoxDriver: firefox on WINDOWS (7044e328-fc15-416e-bc9b-e9656c0a5911)] -> css selector: input[name='email']], [j, o, h, n, n, y, t, e, s, t, s, @, m, a, t, t, e, r, a, n, d, f, o, r, m, ., n, e, t]]
17:15:53.219 INFO - Executing: [find elements: By.cssSelector: input[name='password']])
17:15:53.244 INFO - Done: [find elements: By.cssSelector: input[name='password']]
17:15:53.248 INFO - Executing: [is displayed: 2 [[FirefoxDriver: firefox on WINDOWS (7044e328-fc15-416e-bc9b-e9656c0a5911)] -> css selector: input[name='password']]])
17:15:53.278 INFO - Done: [is displayed: 2 [[FirefoxDriver: firefox on WINDOWS (7044e328-fc15-416e-bc9b-e9656c0a5911)] -> css selector: input[name='password']]]
17:15:53.282 INFO - Executing: [find element: By.cssSelector: input[name='password']])
17:15:53.307 INFO - Done: [find element: By.cssSelector: input[name='password']]
17:15:53.310 INFO - Executing: [clear: 2 [[FirefoxDriver: firefox on WINDOWS (7044e328-fc15-416e-bc9b-e9656c0a5911)] -> css selector: input[name='password']]])
17:15:53.342 INFO - Done: [clear: 2 [[FirefoxDriver: firefox on WINDOWS (7044e328-fc15-416e-bc9b-e9656c0a5911)] -> css selector: input[name='password']]]
17:15:53.346 INFO - Executing: [find element: By.cssSelector: input[name='password']])
17:15:53.371 INFO - Done: [find element: By.cssSelector: input[name='password']]
17:15:53.409 INFO - Executing: [send keys: 2 [[FirefoxDriver: firefox on WINDOWS (7044e328-fc15-416e-bc9b-e9656c0a5911)] -> css selector: input[name='password']], [R, e, a, d, y, P, l, a, y, e, r, O, n, e]])
17:15:53.459 INFO - Done: [send keys: 2 [[FirefoxDriver: firefox on WINDOWS (7044e328-fc15-416e-bc9b-e9656c0a5911)] -> css selector: input[name='password']], [R, e, a, d, y, P, l, a, y, e, r, O, n, e]]
17:15:53.464 INFO - Executing: [find elements: By.cssSelector: button[data-hook='submit']])
17:15:53.476 INFO - Done: [find elements: By.cssSelector: button[data-hook='submit']]
17:15:53.478 INFO - Executing: [is displayed: 3 [[FirefoxDriver: firefox on WINDOWS (7044e328-fc15-416e-bc9b-e9656c0a5911)] -> css selector: button[data-hook='submit']]])
17:15:53.503 INFO - Done: [is displayed: 3 [[FirefoxDriver: firefox on WINDOWS (7044e328-fc15-416e-bc9b-e9656c0a5911)] -> css selector: button[data-hook='submit']]]
17:15:53.506 INFO - Executing: [find element: By.cssSelector: button[data-hook='submit']])
17:15:53.531 INFO - Done: [find element: By.cssSelector: button[data-hook='submit']]
17:15:53.533 INFO - Executing: [click: 3 [[FirefoxDriver: firefox on WINDOWS (7044e328-fc15-416e-bc9b-e9656c0a5911)] -> css selector: button[data-hook='submit']]])
17:15:53.635 INFO - Done: [click: 3 [[FirefoxDriver: firefox on WINDOWS (7044e328-fc15-416e-bc9b-e9656c0a5911)] -> css selector: button[data-hook='submit']]]
17:15:53.640 INFO - Executing: [find elements: By.cssSelector: button[data-hook='close-button']])
17:15:55.814 INFO - Done: [find elements: By.cssSelector: button[data-hook='close-button']]
17:15:55.825 INFO - Executing: [find element: By.cssSelector: button[data-hook='close-button']])
17:15:55.874 INFO - Done: [find element: By.cssSelector: button[data-hook='close-button']]
17:15:55.883 INFO - Executing: [click: 4 [[FirefoxDriver: firefox on WINDOWS (7044e328-fc15-416e-bc9b-e9656c0a5911)] -> css selector: button[data-hook='close-button']]])
17:15:56.067 INFO - Done: [click: 4 [[FirefoxDriver: firefox on WINDOWS (7044e328-fc15-416e-bc9b-e9656c0a5911)] -> css selector: button[data-hook='close-button']]]
17:15:57.077 INFO - Executing: [get title])
17:15:57.088 INFO - Done: [get title]
17:15:59.096 INFO - Executing: [find elements: By.cssSelector: a[href='/creations/new']])
17:15:59.117 INFO - Done: [find elements: By.cssSelector: a[href='/creations/new']]
17:15:59.124 INFO - Executing: [is displayed: 5 [[FirefoxDriver: firefox on WINDOWS (7044e328-fc15-416e-bc9b-e9656c0a5911)] -> css selector: a[href='/creations/new']]])
17:15:59.174 INFO - Done: [is displayed: 5 [[FirefoxDriver: firefox on WINDOWS (7044e328-fc15-416e-bc9b-e9656c0a5911)] -> css selector: a[href='/creations/new']]]
17:16:00.182 INFO - Executing: [find element: By.cssSelector: a[href='/creations/new']])
17:16:00.207 INFO - Done: [find element: By.cssSelector: a[href='/creations/new']]
17:16:00.211 INFO - Executing: [click: 5 [[FirefoxDriver: firefox on WINDOWS (7044e328-fc15-416e-bc9b-e9656c0a5911)] -> css selector: a[href='/creations/new']]])
17:16:00.346 INFO - Done: [click: 5 [[FirefoxDriver: firefox on WINDOWS (7044e328-fc15-416e-bc9b-e9656c0a5911)] -> css selector: a[href='/creations/new']]]
17:16:00.856 INFO - Executing: [find elements: By.cssSelector: span[data-hook='label']])
17:16:00.877 INFO - Done: [find elements: By.cssSelector: span[data-hook='label']]
17:16:00.886 INFO - Executing: [is displayed: 6 [[FirefoxDriver: firefox on WINDOWS (7044e328-fc15-416e-bc9b-e9656c0a5911)] -> css selector: span[data-hook='label']]])
17:16:00.924 INFO - Done: [is displayed: 6 [[FirefoxDriver: firefox on WINDOWS (7044e328-fc15-416e-bc9b-e9656c0a5911)] -> css selector: span[data-hook='label']]]
17:16:00.927 INFO - Executing: [find element: By.cssSelector: input[type='file'][name='files']])
17:16:00.953 INFO - Done: [find element: By.cssSelector: input[type='file'][name='files']]
17:16:00.957 INFO - Executing: [send keys: 7 [[FirefoxDriver: firefox on WINDOWS (7044e328-fc15-416e-bc9b-e9656c0a5911)] -> css selector: input[type='file'][name='files']], [C, :, \, U, s, e, r, s, \, M, u, h, a, m, m, a, d, \, D, e, s, k, t, o, p, \, n, i, g, h, t, w, a, t, c, h, -, t, e, s, t, i, n, g, \, m, y, _, t, e, s, t, s, \, a, s, s, e, t, s, \, 3, D, _, m, o, d, e, l, s, \, d, r, e, w, s, d, o, g, ., o, b, j]])
17:16:01.271 WARN - Exception thrown
org.openqa.selenium.ElementNotVisibleException: Element is not currently visible and so may not be interacted with
Command duration or timeout: 49 milliseconds
Build info: version: '2.45.0', revision: '5017cb8', time: '2015-02-26 23:59:50'
System info: host: 'Muhammad-PC', ip: '192.168.1.182', os.name: 'Windows 7', os.arch: 'amd64', os.version: '6.1', java.version: '1.7.0_80'
Session ID: 7044e328-fc15-416e-bc9b-e9656c0a5911
Driver info: org.openqa.selenium.firefox.FirefoxDriver
Capabilities [{platform=WINDOWS, acceptSslCerts=true, javascriptEnabled=true, cssSelectorsEnabled=true, databaseEnabled=true, browserName=firefox, handlesAlerts=true, browserConnectionEnabled=true, nativeEvents=false, webStorageEnabled=true, rotatable=false, locationContextEnabled=true, applicationCacheEnabled=true, takesScreenshot=true, version=28.0}]
	at sun.reflect.NativeConstructorAccessorImpl.newInstance0(Native Method)
	at sun.reflect.NativeConstructorAccessorImpl.newInstance(Unknown Source)
	at sun.reflect.DelegatingConstructorAccessorImpl.newInstance(Unknown Source)
	at java.lang.reflect.Constructor.newInstance(Unknown Source)
	at org.openqa.selenium.remote.ErrorHandler.createThrowable(ErrorHandler.java:204)
	at org.openqa.selenium.remote.ErrorHandler.throwIfResponseFailed(ErrorHandler.java:156)
	at org.openqa.selenium.remote.RemoteWebDriver.execute(RemoteWebDriver.java:599)
	at org.openqa.selenium.remote.RemoteWebElement.execute(RemoteWebElement.java:268)
	at org.openqa.selenium.remote.RemoteWebElement.sendKeys(RemoteWebElement.java:89)
	at sun.reflect.NativeMethodAccessorImpl.invoke0(Native Method)
	at sun.reflect.NativeMethodAccessorImpl.invoke(Unknown Source)
	at sun.reflect.DelegatingMethodAccessorImpl.invoke(Unknown Source)
	at java.lang.reflect.Method.invoke(Unknown Source)
	at org.openqa.selenium.support.events.EventFiringWebDriver$EventFiringWebElement$1.invoke(EventFiringWebDriver.java:331)
	at com.sun.proxy.$Proxy2.sendKeys(Unknown Source)
	at org.openqa.selenium.support.events.EventFiringWebDriver$EventFiringWebElement.sendKeys(EventFiringWebDriver.java:354)
	at sun.reflect.NativeMethodAccessorImpl.invoke0(Native Method)
	at sun.reflect.NativeMethodAccessorImpl.invoke(Unknown Source)
	at sun.reflect.DelegatingMethodAccessorImpl.invoke(Unknown Source)
	at java.lang.reflect.Method.invoke(Unknown Source)
	at org.openqa.selenium.remote.server.KnownElements$1.invoke(KnownElements.java:63)
	at com.sun.proxy.$Proxy3.sendKeys(Unknown Source)
	at org.openqa.selenium.remote.server.handler.SendKeys.call(SendKeys.java:49)
	at org.openqa.selenium.remote.server.handler.SendKeys.call(SendKeys.java:1)
	at java.util.concurrent.FutureTask.run(Unknown Source)
	at org.openqa.selenium.remote.server.DefaultSession$1.run(DefaultSession.java:168)
	at java.util.concurrent.ThreadPoolExecutor.runWorker(Unknown Source)
	at java.util.concurrent.ThreadPoolExecutor$Worker.run(Unknown Source)
	at java.lang.Thread.run(Unknown Source)
Caused by: org.openqa.selenium.ElementNotVisibleException: Element is not currently visible and so may not be interacted with
Build info: version: '2.45.0', revision: '5017cb8', time: '2015-02-26 23:59:50'
System info: host: 'Muhammad-PC', ip: '192.168.1.182', os.name: 'Windows 7', os.arch: 'amd64', os.version: '6.1', java.version: '1.7.0_80'
Driver info: driver.version: unknown
	at <anonymous class>.fxdriver.preconditions.visible(file:///C:/Users/Muhammad/AppData/Local/Temp/anonymous2120648717160444598webdriver-profile/extensions/fxdriver@googlecode.com/components/command-processor.js:9587)
	at <anonymous class>.DelayedCommand.prototype.checkPreconditions_(file:///C:/Users/Muhammad/AppData/Local/Temp/anonymous2120648717160444598webdriver-profile/extensions/fxdriver@googlecode.com/components/command-processor.js:12257)
	at <anonymous class>.DelayedCommand.prototype.executeInternal_/h(file:///C:/Users/Muhammad/AppData/Local/Temp/anonymous2120648717160444598webdriver-profile/extensions/fxdriver@googlecode.com/components/command-processor.js:12274)
	at <anonymous class>.DelayedCommand.prototype.executeInternal_(file:///C:/Users/Muhammad/AppData/Local/Temp/anonymous2120648717160444598webdriver-profile/extensions/fxdriver@googlecode.com/components/command-processor.js:12279)
	at <anonymous class>.DelayedCommand.prototype.execute/<(file:///C:/Users/Muhammad/AppData/Local/Temp/anonymous2120648717160444598webdriver-profile/extensions/fxdriver@googlecode.com/components/command-processor.js:12221)
17:16:01.273 WARN - Exception: Element is not currently visible and so may not be interacted with
Build info: version: '2.45.0', revision: '5017cb8', time: '2015-02-26 23:59:50'
System info: host: 'Muhammad-PC', ip: '192.168.1.182', os.name: 'Windows 7', os.arch: 'amd64', os.version: '6.1', java.version: '1.7.0_80'
Driver info: driver.version: unknown
17:16:02.294 INFO - Executing: [find elements: By.cssSelector: div[class='drop'] > button])
17:16:02.317 INFO - Done: [find elements: By.cssSelector: div[class='drop'] > button]
17:16:02.336 INFO - Executing: [is displayed: 8 [[FirefoxDriver: firefox on WINDOWS (7044e328-fc15-416e-bc9b-e9656c0a5911)] -> css selector: div[class='drop'] > button]])
17:16:02.367 INFO - Done: [is displayed: 8 [[FirefoxDriver: firefox on WINDOWS (7044e328-fc15-416e-bc9b-e9656c0a5911)] -> css selector: div[class='drop'] > button]]
17:16:02.370 INFO - Executing: [find element: By.cssSelector: div[class='drop'] > button])
17:16:02.390 INFO - Done: [find element: By.cssSelector: div[class='drop'] > button]
17:16:02.392 INFO - Executing: [click: 8 [[FirefoxDriver: firefox on WINDOWS (7044e328-fc15-416e-bc9b-e9656c0a5911)] -> css selector: div[class='drop'] > button]])
17:16:02.470 INFO - Done: [click: 8 [[FirefoxDriver: firefox on WINDOWS (7044e328-fc15-416e-bc9b-e9656c0a5911)] -> css selector: div[class='drop'] > button]]
17:16:02.473 INFO - Executing: [find elements: By.cssSelector: button[data-hook='save']])
17:16:02.498 INFO - Done: [find elements: By.cssSelector: button[data-hook='save']]
17:16:03.004 INFO - Executing: [find elements: By.cssSelector: button[data-hook='save']])
17:16:03.023 INFO - Done: [find elements: By.cssSelector: button[data-hook='save']]
17:16:03.529 INFO - Executing: [find elements: By.cssSelector: button[data-hook='save']])
17:16:03.548 INFO - Done: [find elements: By.cssSelector: button[data-hook='save']]
17:16:04.056 INFO - Executing: [find elements: By.cssSelector: button[data-hook='save']])
17:16:04.074 INFO - Done: [find elements: By.cssSelector: button[data-hook='save']]
17:16:04.581 INFO - Executing: [find elements: By.cssSelector: button[data-hook='save']])
17:16:04.601 INFO - Done: [find elements: By.cssSelector: button[data-hook='save']]
17:16:05.109 INFO - Executing: [find elements: By.cssSelector: button[data-hook='save']])
17:16:05.129 INFO - Done: [find elements: By.cssSelector: button[data-hook='save']]
17:16:05.637 INFO - Executing: [find elements: By.cssSelector: button[data-hook='save']])
17:16:05.665 INFO - Done: [find elements: By.cssSelector: button[data-hook='save']]
17:16:06.172 INFO - Executing: [find elements: By.cssSelector: button[data-hook='save']])
17:16:06.192 INFO - Done: [find elements: By.cssSelector: button[data-hook='save']]
17:16:06.701 INFO - Executing: [find elements: By.cssSelector: button[data-hook='save']])
17:16:06.721 INFO - Done: [find elements: By.cssSelector: button[data-hook='save']]
17:16:07.229 INFO - Executing: [find elements: By.cssSelector: button[data-hook='save']])
17:16:07.248 INFO - Done: [find elements: By.cssSelector: button[data-hook='save']]
17:16:07.754 INFO - Executing: [find elements: By.cssSelector: button[data-hook='save']])
17:16:07.773 INFO - Done: [find elements: By.cssSelector: button[data-hook='save']]
17:16:07.789 INFO - Executing: [delete session: f599ba0c-8c12-462f-841b-5d3f554923a0])
17:16:07.793 INFO - Executing: [find elements: By.cssSelector: input[name='title']])
17:16:08.077 INFO - Done: [delete session: f599ba0c-8c12-462f-841b-5d3f554923a0]
